<?xml version="1.0" encoding="UTF-8"?>
<!-- Generated by org.testng.reporters.JUnitXMLReporter -->
<testsuite ignored="0" hostname="DESKTOP-TA5LG20" failures="0" tests="3" name="Test3" time="32.185" errors="0" timestamp="2022-10-29T17:14:51 IST">
  <testcase classname="Parallel_Testing.Para_Test1" name="Module1" time="11.226"/>
  <testcase classname="Parallel_Testing.Para_Test1" name="Module2" time="10.247"/>
  <testcase classname="Parallel_Testing.Para_Test1" name="Module3" time="10.657"/>
</testsuite> <!-- Test3 -->
