<?xml version="1.0" encoding="UTF-8"?>
<!-- Generated by org.testng.reporters.JUnitXMLReporter -->
<testsuite ignored="0" hostname="DESKTOP-TA5LG20" failures="0" tests="3" name="Test2" time="31.949" errors="0" timestamp="2022-10-29T17:14:51 IST">
  <testcase classname="Parallel_Testing.Para_Test1" name="Module1" time="11.592"/>
  <testcase classname="Parallel_Testing.Para_Test1" name="Module2" time="9.661"/>
  <testcase classname="Parallel_Testing.Para_Test1" name="Module3" time="10.642"/>
</testsuite> <!-- Test2 -->
