<?xml version="1.0" encoding="UTF-8"?>
<!-- Generated by org.testng.reporters.JUnitXMLReporter -->
<testsuite ignored="1" hostname="DESKTOP-TA5LG20" failures="0" tests="2" name="Test" time="7.601" errors="0" timestamp="2022-10-11T19:08:09 IST">
  <testcase classname="Include_Exclude_Keyword.Include_Keyword" name="Title" time="0.016"/>
  <testcase classname="Include_Exclude_Keyword.Include_Keyword" name="Forgotten" time="0.069"/>
  <testcase classname="Include_Exclude_Keyword.Include_Keyword" name="Logo" time="0.0">
    <ignored/>
  </testcase> <!-- Logo -->
</testsuite> <!-- Test -->
